2026-02-09 20:35:51 | INFO | P05 | === RUN START ===
2026-02-09 20:35:51 | INFO | P05 | project=P05 Pipeline Example (DuckDB)
2026-02-09 20:35:51 | INFO | P05 | repo_dir=datafun-05-sql
2026-02-09 20:35:51 | INFO | P05 | python=3.14.2
2026-02-09 20:35:51 | INFO | P05 | os=Darwin 24.6.0
2026-02-09 20:35:51 | INFO | P05 | shell=zsh
2026-02-09 20:35:51 | INFO | P05 | cwd=.
2026-02-09 20:35:51 | INFO | P05 | github_actions=False
2026-02-09 20:35:51 | INFO | P05 | START main()
2026-02-09 20:35:51 | INFO | P05 | ROOT_DIR: /Users/brandon/Repos/datafun-05-sql
2026-02-09 20:35:51 | INFO | P05 | DATA_DIR: /Users/brandon/Repos/datafun-05-sql/data/retail
2026-02-09 20:35:51 | INFO | P05 | SQL_DIR: /Users/brandon/Repos/datafun-05-sql/sql/duckdb
2026-02-09 20:35:51 | INFO | P05 | DB_PATH: /Users/brandon/Repos/datafun-05-sql/artifacts/duckdb/retail.duckdb
2026-02-09 20:35:51 | INFO | P05 | RUN SQL script: /Users/brandon/Repos/datafun-05-sql/sql/duckdb/case_retail_clean.sql
2026-02-09 20:35:51 | INFO | P05 | DONE SQL script: /Users/brandon/Repos/datafun-05-sql/sql/duckdb/case_retail_clean.sql
2026-02-09 20:35:51 | INFO | P05 | RUN SQL script: /Users/brandon/Repos/datafun-05-sql/sql/duckdb/case_retail_bootstrap.sql
2026-02-09 20:35:51 | INFO | P05 | DONE SQL script: /Users/brandon/Repos/datafun-05-sql/sql/duckdb/case_retail_bootstrap.sql
2026-02-09 20:35:51 | INFO | P05 | 
2026-02-09 20:35:51 | INFO | P05 | RUN SQL query: /Users/brandon/Repos/datafun-05-sql/sql/duckdb/case_retail_query_store_count.sql
2026-02-09 20:35:51 | INFO | P05 | ====================================
2026-02-09 20:35:51 | INFO | P05 | case_retail_query_store_count.sql
2026-02-09 20:35:51 | INFO | P05 | ====================================
2026-02-09 20:35:51 | INFO | P05 | store_count
2026-02-09 20:35:51 | INFO | P05 | 3
2026-02-09 20:35:51 | INFO | P05 | 
2026-02-09 20:35:51 | INFO | P05 | RUN SQL query: /Users/brandon/Repos/datafun-05-sql/sql/duckdb/case_retail_query_sales_count.sql
2026-02-09 20:35:51 | INFO | P05 | ====================================
2026-02-09 20:35:51 | INFO | P05 | case_retail_query_sales_count.sql
2026-02-09 20:35:51 | INFO | P05 | ====================================
2026-02-09 20:35:51 | INFO | P05 | sale_count
2026-02-09 20:35:51 | INFO | P05 | 5
2026-02-09 20:35:51 | INFO | P05 | 
2026-02-09 20:35:51 | INFO | P05 | RUN SQL query: /Users/brandon/Repos/datafun-05-sql/sql/duckdb/case_retail_query_sales_aggregate.sql
2026-02-09 20:35:51 | INFO | P05 | ====================================
2026-02-09 20:35:51 | INFO | P05 | case_retail_query_sales_aggregate.sql
2026-02-09 20:35:51 | INFO | P05 | ====================================
2026-02-09 20:35:51 | INFO | P05 | sale_count, total_revenue, avg_sale_amount
2026-02-09 20:35:51 | INFO | P05 | 5, 505.0, 101.0
2026-02-09 20:35:51 | INFO | P05 | 
2026-02-09 20:35:51 | INFO | P05 | RUN SQL query: /Users/brandon/Repos/datafun-05-sql/sql/duckdb/case_retail_query_sales_by_category.sql
2026-02-09 20:35:51 | INFO | P05 | ====================================
2026-02-09 20:35:51 | INFO | P05 | case_retail_query_sales_by_category.sql
2026-02-09 20:35:51 | INFO | P05 | ====================================
2026-02-09 20:35:51 | INFO | P05 | product_category, sale_count, total_revenue, avg_sale_amount
2026-02-09 20:35:51 | INFO | P05 | Outdoors, 1, 250.0, 250.0
2026-02-09 20:35:51 | INFO | P05 | Clothing, 2, 180.0, 90.0
2026-02-09 20:35:51 | INFO | P05 | Food, 2, 75.0, 37.5
2026-02-09 20:35:51 | INFO | P05 | 
2026-02-09 20:35:51 | INFO | P05 | RUN SQL query: /Users/brandon/Repos/datafun-05-sql/sql/duckdb/case_retail_query_kpi_revenue.sql
2026-02-09 20:35:51 | INFO | P05 | ====================================
2026-02-09 20:35:51 | INFO | P05 | case_retail_query_kpi_revenue.sql
2026-02-09 20:35:51 | INFO | P05 | ====================================
2026-02-09 20:35:51 | INFO | P05 | store_id, store_name, city, region, sale_count, total_revenue, avg_sale_amount
2026-02-09 20:35:51 | INFO | P05 | S002, Lakeside Shop, Ely, North, 2, 280.0, 140.0
2026-02-09 20:35:51 | INFO | P05 | S001, North Market, Duluth, North, 2, 165.0, 82.5
2026-02-09 20:35:51 | INFO | P05 | S003, Central Plaza, Mankato, South, 1, 60.0, 60.0
2026-02-09 20:35:51 | INFO | P05 | END main()
2026-02-09 21:32:45 | INFO | P05 | === RUN START ===
2026-02-09 21:32:45 | INFO | P05 | project=P05 Pipeline Example (DuckDB)
2026-02-09 21:32:45 | INFO | P05 | repo_dir=datafun-05-sql
2026-02-09 21:32:45 | INFO | P05 | python=3.14.2
2026-02-09 21:32:45 | INFO | P05 | os=Darwin 24.6.0
2026-02-09 21:32:45 | INFO | P05 | shell=zsh
2026-02-09 21:32:45 | INFO | P05 | cwd=.
2026-02-09 21:32:45 | INFO | P05 | github_actions=False
2026-02-09 21:32:45 | INFO | P05 | START main()
2026-02-09 21:32:45 | INFO | P05 | ROOT_DIR: /Users/brandon/Repos/datafun-05-sql
2026-02-09 21:32:45 | INFO | P05 | DATA_DIR: /Users/brandon/Repos/datafun-05-sql/data/retail
2026-02-09 21:32:45 | INFO | P05 | SQL_DIR: /Users/brandon/Repos/datafun-05-sql/sql/duckdb
2026-02-09 21:32:45 | INFO | P05 | DB_PATH: /Users/brandon/Repos/datafun-05-sql/artifacts/duckdb/retail.duckdb
2026-02-09 21:32:45 | INFO | P05 | RUN SQL script: /Users/brandon/Repos/datafun-05-sql/sql/duckdb/case_retail_clean.sql
2026-02-09 21:32:45 | INFO | P05 | DONE SQL script: /Users/brandon/Repos/datafun-05-sql/sql/duckdb/case_retail_clean.sql
2026-02-09 21:32:45 | INFO | P05 | RUN SQL script: /Users/brandon/Repos/datafun-05-sql/sql/duckdb/case_retail_bootstrap.sql
2026-02-09 21:32:45 | INFO | P05 | DONE SQL script: /Users/brandon/Repos/datafun-05-sql/sql/duckdb/case_retail_bootstrap.sql
2026-02-09 21:32:45 | INFO | P05 | 
2026-02-09 21:32:45 | INFO | P05 | RUN SQL query: /Users/brandon/Repos/datafun-05-sql/sql/duckdb/case_retail_query_store_count.sql
2026-02-09 21:32:45 | INFO | P05 | ====================================
2026-02-09 21:32:45 | INFO | P05 | case_retail_query_store_count.sql
2026-02-09 21:32:45 | INFO | P05 | ====================================
2026-02-09 21:32:45 | INFO | P05 | store_count
2026-02-09 21:32:45 | INFO | P05 | 3
2026-02-09 21:32:45 | INFO | P05 | 
2026-02-09 21:32:45 | INFO | P05 | RUN SQL query: /Users/brandon/Repos/datafun-05-sql/sql/duckdb/case_retail_query_sales_count.sql
2026-02-09 21:32:45 | INFO | P05 | ====================================
2026-02-09 21:32:45 | INFO | P05 | case_retail_query_sales_count.sql
2026-02-09 21:32:45 | INFO | P05 | ====================================
2026-02-09 21:32:45 | INFO | P05 | sale_count
2026-02-09 21:32:45 | INFO | P05 | 5
2026-02-09 21:32:45 | INFO | P05 | 
2026-02-09 21:32:45 | INFO | P05 | RUN SQL query: /Users/brandon/Repos/datafun-05-sql/sql/duckdb/case_retail_query_sales_aggregate.sql
2026-02-09 21:32:45 | INFO | P05 | ====================================
2026-02-09 21:32:45 | INFO | P05 | case_retail_query_sales_aggregate.sql
2026-02-09 21:32:45 | INFO | P05 | ====================================
2026-02-09 21:32:45 | INFO | P05 | sale_count, total_revenue, avg_sale_amount
2026-02-09 21:32:45 | INFO | P05 | 5, 505.0, 101.0
2026-02-09 21:32:45 | INFO | P05 | 
2026-02-09 21:32:45 | INFO | P05 | RUN SQL query: /Users/brandon/Repos/datafun-05-sql/sql/duckdb/case_retail_query_sales_by_category.sql
2026-02-09 21:32:45 | INFO | P05 | ====================================
2026-02-09 21:32:45 | INFO | P05 | case_retail_query_sales_by_category.sql
2026-02-09 21:32:45 | INFO | P05 | ====================================
2026-02-09 21:32:45 | INFO | P05 | product_category, sale_count, total_revenue, avg_sale_amount
2026-02-09 21:32:45 | INFO | P05 | Outdoors, 1, 250.0, 250.0
2026-02-09 21:32:45 | INFO | P05 | Clothing, 2, 180.0, 90.0
2026-02-09 21:32:45 | INFO | P05 | Food, 2, 75.0, 37.5
2026-02-09 21:32:45 | INFO | P05 | 
2026-02-09 21:32:45 | INFO | P05 | RUN SQL query: /Users/brandon/Repos/datafun-05-sql/sql/duckdb/case_retail_query_kpi_revenue.sql
2026-02-09 21:32:45 | INFO | P05 | ====================================
2026-02-09 21:32:45 | INFO | P05 | case_retail_query_kpi_revenue.sql
2026-02-09 21:32:45 | INFO | P05 | ====================================
2026-02-09 21:32:45 | INFO | P05 | store_id, store_name, city, region, sale_count, total_revenue, avg_sale_amount
2026-02-09 21:32:45 | INFO | P05 | S002, Lakeside Shop, Ely, North, 2, 280.0, 140.0
2026-02-09 21:32:45 | INFO | P05 | S001, North Market, Duluth, North, 2, 165.0, 82.5
2026-02-09 21:32:45 | INFO | P05 | S003, Central Plaza, Mankato, South, 1, 60.0, 60.0
2026-02-09 21:32:45 | INFO | P05 | END main()
2026-02-13 14:51:26 | INFO | P05 | === RUN START ===
2026-02-13 14:51:26 | INFO | P05 | project=P05 Pipeline Example (DuckDB)
2026-02-13 14:51:26 | INFO | P05 | repo_dir=datafun-05-sql
2026-02-13 14:51:26 | INFO | P05 | python=3.14.2
2026-02-13 14:51:26 | INFO | P05 | os=Darwin 24.6.0
2026-02-13 14:51:26 | INFO | P05 | shell=zsh
2026-02-13 14:51:26 | INFO | P05 | cwd=.
2026-02-13 14:51:26 | INFO | P05 | github_actions=False
2026-02-13 14:51:26 | INFO | P05 | START main()
2026-02-13 14:51:26 | INFO | P05 | ROOT_DIR: /Users/brandon/Repos/datafun-05-sql
2026-02-13 14:51:26 | INFO | P05 | DATA_DIR: /Users/brandon/Repos/datafun-05-sql/data/retail
2026-02-13 14:51:26 | INFO | P05 | SQL_DIR: /Users/brandon/Repos/datafun-05-sql/sql/duckdb
2026-02-13 14:51:26 | INFO | P05 | DB_PATH: /Users/brandon/Repos/datafun-05-sql/artifacts/duckdb/retail.duckdb
2026-02-13 14:51:26 | INFO | P05 | RUN SQL script: /Users/brandon/Repos/datafun-05-sql/sql/duckdb/case_retail_clean.sql
2026-02-13 14:51:26 | INFO | P05 | DONE SQL script: /Users/brandon/Repos/datafun-05-sql/sql/duckdb/case_retail_clean.sql
2026-02-13 14:51:26 | INFO | P05 | RUN SQL script: /Users/brandon/Repos/datafun-05-sql/sql/duckdb/case_retail_bootstrap.sql
2026-02-13 14:51:26 | INFO | P05 | DONE SQL script: /Users/brandon/Repos/datafun-05-sql/sql/duckdb/case_retail_bootstrap.sql
2026-02-13 14:51:26 | INFO | P05 | 
2026-02-13 14:51:26 | INFO | P05 | RUN SQL query: /Users/brandon/Repos/datafun-05-sql/sql/duckdb/case_retail_query_store_count.sql
2026-02-13 14:51:26 | INFO | P05 | ====================================
2026-02-13 14:51:26 | INFO | P05 | case_retail_query_store_count.sql
2026-02-13 14:51:26 | INFO | P05 | ====================================
2026-02-13 14:51:26 | INFO | P05 | store_count
2026-02-13 14:51:26 | INFO | P05 | 3
2026-02-13 14:51:26 | INFO | P05 | 
2026-02-13 14:51:26 | INFO | P05 | RUN SQL query: /Users/brandon/Repos/datafun-05-sql/sql/duckdb/case_retail_query_sales_count.sql
2026-02-13 14:51:26 | INFO | P05 | ====================================
2026-02-13 14:51:26 | INFO | P05 | case_retail_query_sales_count.sql
2026-02-13 14:51:26 | INFO | P05 | ====================================
2026-02-13 14:51:26 | INFO | P05 | sale_count
2026-02-13 14:51:26 | INFO | P05 | 5
2026-02-13 14:51:26 | INFO | P05 | 
2026-02-13 14:51:26 | INFO | P05 | RUN SQL query: /Users/brandon/Repos/datafun-05-sql/sql/duckdb/case_retail_query_sales_aggregate.sql
2026-02-13 14:51:26 | INFO | P05 | ====================================
2026-02-13 14:51:26 | INFO | P05 | case_retail_query_sales_aggregate.sql
2026-02-13 14:51:26 | INFO | P05 | ====================================
2026-02-13 14:51:26 | INFO | P05 | sale_count, total_revenue, avg_sale_amount
2026-02-13 14:51:26 | INFO | P05 | 5, 505.0, 101.0
2026-02-13 14:51:26 | INFO | P05 | 
2026-02-13 14:51:26 | INFO | P05 | RUN SQL query: /Users/brandon/Repos/datafun-05-sql/sql/duckdb/case_retail_query_sales_by_category.sql
2026-02-13 14:51:26 | INFO | P05 | ====================================
2026-02-13 14:51:26 | INFO | P05 | case_retail_query_sales_by_category.sql
2026-02-13 14:51:26 | INFO | P05 | ====================================
2026-02-13 14:51:26 | INFO | P05 | product_category, sale_count, total_revenue, avg_sale_amount
2026-02-13 14:51:26 | INFO | P05 | Outdoors, 1, 250.0, 250.0
2026-02-13 14:51:26 | INFO | P05 | Clothing, 2, 180.0, 90.0
2026-02-13 14:51:26 | INFO | P05 | Food, 2, 75.0, 37.5
2026-02-13 14:51:26 | INFO | P05 | 
2026-02-13 14:51:26 | INFO | P05 | RUN SQL query: /Users/brandon/Repos/datafun-05-sql/sql/duckdb/case_retail_query_kpi_revenue.sql
2026-02-13 14:51:26 | INFO | P05 | ====================================
2026-02-13 14:51:26 | INFO | P05 | case_retail_query_kpi_revenue.sql
2026-02-13 14:51:26 | INFO | P05 | ====================================
2026-02-13 14:51:26 | INFO | P05 | store_id, store_name, city, region, sale_count, total_revenue, avg_sale_amount
2026-02-13 14:51:26 | INFO | P05 | S002, Lakeside Shop, Ely, North, 2, 280.0, 140.0
2026-02-13 14:51:26 | INFO | P05 | S001, North Market, Duluth, North, 2, 165.0, 82.5
2026-02-13 14:51:26 | INFO | P05 | S003, Central Plaza, Mankato, South, 1, 60.0, 60.0
2026-02-13 14:51:26 | INFO | P05 | END main()
2026-02-13 19:02:50 | INFO | P05 | === RUN START ===
2026-02-13 19:02:50 | INFO | P05 | project=Shelter Pipeline (DuckDB)
2026-02-13 19:02:50 | INFO | P05 | repo_dir=datafun-05-sql
2026-02-13 19:02:50 | INFO | P05 | python=3.14.2
2026-02-13 19:02:50 | INFO | P05 | os=Darwin 24.6.0
2026-02-13 19:02:50 | INFO | P05 | shell=zsh
2026-02-13 19:02:50 | INFO | P05 | cwd=.
2026-02-13 19:02:50 | INFO | P05 | github_actions=False
2026-02-13 19:02:50 | INFO | P05 | START main()
2026-02-13 19:02:50 | INFO | P05 | ROOT_DIR: /Users/brandon/Repos/datafun-05-sql
2026-02-13 19:02:50 | INFO | P05 | DATA_DIR: /Users/brandon/Repos/datafun-05-sql/data/shelter
2026-02-13 19:02:50 | INFO | P05 | SQL_DIR: /Users/brandon/Repos/datafun-05-sql/sql/duckdb
2026-02-13 19:02:50 | INFO | P05 | DB_PATH: /Users/brandon/Repos/datafun-05-sql/artifacts/duckdb/brandon_shelter.duckdb
2026-02-13 19:02:50 | INFO | P05 | RUN SQL script: /Users/brandon/Repos/datafun-05-sql/sql/duckdb/brandon_shelter_clean.sql
2026-02-13 19:05:48 | INFO | P05 | === RUN START ===
2026-02-13 19:05:48 | INFO | P05 | project=Shelter Pipeline (DuckDB)
2026-02-13 19:05:48 | INFO | P05 | repo_dir=datafun-05-sql
2026-02-13 19:05:48 | INFO | P05 | python=3.14.2
2026-02-13 19:05:48 | INFO | P05 | os=Darwin 24.6.0
2026-02-13 19:05:48 | INFO | P05 | shell=zsh
2026-02-13 19:05:48 | INFO | P05 | cwd=.
2026-02-13 19:05:48 | INFO | P05 | github_actions=False
2026-02-13 19:05:48 | INFO | P05 | START main()
2026-02-13 19:05:48 | INFO | P05 | ROOT_DIR: /Users/brandon/Repos/datafun-05-sql
2026-02-13 19:05:48 | INFO | P05 | DATA_DIR: /Users/brandon/Repos/datafun-05-sql/data/shelter
2026-02-13 19:05:48 | INFO | P05 | SQL_DIR: /Users/brandon/Repos/datafun-05-sql/sql/duckdb
2026-02-13 19:05:48 | INFO | P05 | DB_PATH: /Users/brandon/Repos/datafun-05-sql/artifacts/duckdb/brandon_shelter.duckdb
2026-02-13 19:05:48 | INFO | P05 | RUN SQL script: /Users/brandon/Repos/datafun-05-sql/sql/duckdb/brandon_shelter_bootstrap.sql
2026-02-13 19:05:48 | INFO | P05 | DONE SQL script: /Users/brandon/Repos/datafun-05-sql/sql/duckdb/brandon_shelter_bootstrap.sql
2026-02-13 19:05:48 | INFO | P05 | RUN SQL script: /Users/brandon/Repos/datafun-05-sql/sql/duckdb/brandon_shelter_clean.sql
2026-02-13 19:05:48 | INFO | P05 | DONE SQL script: /Users/brandon/Repos/datafun-05-sql/sql/duckdb/brandon_shelter_clean.sql
2026-02-13 19:05:48 | INFO | P05 | 
2026-02-13 19:05:48 | INFO | P05 | RUN SQL query: /Users/brandon/Repos/datafun-05-sql/sql/duckdb/brandon_shelter_query_branch_count.sql
2026-02-13 19:07:46 | INFO | P05 | === RUN START ===
2026-02-13 19:07:46 | INFO | P05 | project=Shelter Pipeline (DuckDB)
2026-02-13 19:07:46 | INFO | P05 | repo_dir=datafun-05-sql
2026-02-13 19:07:46 | INFO | P05 | python=3.14.2
2026-02-13 19:07:46 | INFO | P05 | os=Darwin 24.6.0
2026-02-13 19:07:46 | INFO | P05 | shell=zsh
2026-02-13 19:07:46 | INFO | P05 | cwd=.
2026-02-13 19:07:46 | INFO | P05 | github_actions=False
2026-02-13 19:07:46 | INFO | P05 | START main()
2026-02-13 19:07:46 | INFO | P05 | ROOT_DIR: /Users/brandon/Repos/datafun-05-sql
2026-02-13 19:07:46 | INFO | P05 | DATA_DIR: /Users/brandon/Repos/datafun-05-sql/data/shelter
2026-02-13 19:07:46 | INFO | P05 | SQL_DIR: /Users/brandon/Repos/datafun-05-sql/sql/duckdb
2026-02-13 19:07:46 | INFO | P05 | DB_PATH: /Users/brandon/Repos/datafun-05-sql/artifacts/duckdb/brandon_shelter.duckdb
2026-02-13 19:07:46 | INFO | P05 | RUN SQL script: brandon_shelter_bootstrap.sql
2026-02-13 19:07:46 | INFO | P05 | DONE SQL script: brandon_shelter_bootstrap.sql
2026-02-13 19:07:46 | INFO | P05 | RUN SQL script: brandon_shelter_clean.sql
2026-02-13 19:07:46 | INFO | P05 | DONE SQL script: brandon_shelter_clean.sql
2026-02-13 19:07:46 | INFO | P05 | 
2026-02-13 19:07:46 | INFO | P05 | RUN SQL query: brandon_shelter_query_branch_count.sql
2026-02-13 19:07:56 | INFO | P05 | === RUN START ===
2026-02-13 19:07:56 | INFO | P05 | project=Shelter Pipeline (DuckDB)
2026-02-13 19:07:56 | INFO | P05 | repo_dir=datafun-05-sql
2026-02-13 19:07:56 | INFO | P05 | python=3.14.2
2026-02-13 19:07:56 | INFO | P05 | os=Darwin 24.6.0
2026-02-13 19:07:56 | INFO | P05 | shell=zsh
2026-02-13 19:07:56 | INFO | P05 | cwd=.
2026-02-13 19:07:56 | INFO | P05 | github_actions=False
2026-02-13 19:07:56 | INFO | P05 | START main()
2026-02-13 19:07:56 | INFO | P05 | ROOT_DIR: /Users/brandon/Repos/datafun-05-sql
2026-02-13 19:07:56 | INFO | P05 | DATA_DIR: /Users/brandon/Repos/datafun-05-sql/data/shelter
2026-02-13 19:07:56 | INFO | P05 | SQL_DIR: /Users/brandon/Repos/datafun-05-sql/sql/duckdb
2026-02-13 19:07:56 | INFO | P05 | DB_PATH: /Users/brandon/Repos/datafun-05-sql/artifacts/duckdb/brandon_shelter.duckdb
2026-02-13 19:07:56 | INFO | P05 | RUN SQL script: brandon_shelter_bootstrap.sql
2026-02-13 19:07:56 | INFO | P05 | DONE SQL script: brandon_shelter_bootstrap.sql
2026-02-13 19:07:56 | INFO | P05 | RUN SQL script: brandon_shelter_clean.sql
2026-02-13 19:07:56 | INFO | P05 | DONE SQL script: brandon_shelter_clean.sql
2026-02-13 19:07:56 | INFO | P05 | 
2026-02-13 19:07:56 | INFO | P05 | RUN SQL query: brandon_shelter_query_branch_count.sql
2026-02-13 19:09:40 | INFO | P05 | === RUN START ===
2026-02-13 19:09:40 | INFO | P05 | project=Shelter Pipeline (DuckDB)
2026-02-13 19:09:40 | INFO | P05 | repo_dir=datafun-05-sql
2026-02-13 19:09:40 | INFO | P05 | python=3.14.2
2026-02-13 19:09:40 | INFO | P05 | os=Darwin 24.6.0
2026-02-13 19:09:40 | INFO | P05 | shell=zsh
2026-02-13 19:09:40 | INFO | P05 | cwd=.
2026-02-13 19:09:40 | INFO | P05 | github_actions=False
2026-02-13 19:09:40 | INFO | P05 | START main()
2026-02-13 19:09:40 | INFO | P05 | ROOT_DIR: /Users/brandon/Repos/datafun-05-sql
2026-02-13 19:09:40 | INFO | P05 | DATA_DIR: /Users/brandon/Repos/datafun-05-sql/data/shelter
2026-02-13 19:09:40 | INFO | P05 | SQL_DIR: /Users/brandon/Repos/datafun-05-sql/sql/duckdb
2026-02-13 19:09:40 | INFO | P05 | DB_PATH: /Users/brandon/Repos/datafun-05-sql/artifacts/duckdb/brandon_shelter.duckdb
2026-02-13 19:09:40 | INFO | P05 | RUN SQL script: brandon_shelter_bootstrap.sql
2026-02-13 19:09:40 | INFO | P05 | DONE SQL script: brandon_shelter_bootstrap.sql
2026-02-13 19:09:40 | INFO | P05 | RUN SQL script: brandon_shelter_clean.sql
2026-02-13 19:09:40 | INFO | P05 | DONE SQL script: brandon_shelter_clean.sql
2026-02-13 19:09:40 | INFO | P05 | 
2026-02-13 19:09:40 | INFO | P05 | RUN SQL query: brandon_shelter_query_branch_count.sql
2026-02-13 19:09:40 | INFO | P05 | ====================================
2026-02-13 19:09:40 | INFO | P05 | brandon_shelter_query_branch_count.sql
2026-02-13 19:09:40 | INFO | P05 | ====================================
2026-02-13 19:09:40 | INFO | P05 | total_branches
2026-02-13 19:09:40 | INFO | P05 | 3
2026-02-13 19:09:40 | INFO | P05 | 
2026-02-13 19:09:40 | INFO | P05 | RUN SQL query: brandon_shelter_query_adoption_count.sql
2026-02-13 19:09:40 | INFO | P05 | ====================================
2026-02-13 19:09:40 | INFO | P05 | brandon_shelter_query_adoption_count.sql
2026-02-13 19:09:40 | INFO | P05 | ====================================
2026-02-13 19:09:40 | INFO | P05 | total_adoptions
2026-02-13 19:09:40 | INFO | P05 | 5
2026-02-13 19:09:40 | INFO | P05 | 
2026-02-13 19:09:40 | INFO | P05 | RUN SQL query: brandon_shelter_query_adoptions_summary.sql
2026-02-13 19:09:40 | INFO | P05 | ====================================
2026-02-13 19:09:40 | INFO | P05 | brandon_shelter_query_adoptions_summary.sql
2026-02-13 19:09:40 | INFO | P05 | ====================================
2026-02-13 19:09:40 | INFO | P05 | animal_type, total_adoptions, total_fees
2026-02-13 19:09:40 | INFO | P05 | Dog, 3, 270.0
2026-02-13 19:09:40 | INFO | P05 | Cat, 2, 135.0
2026-02-13 19:09:40 | INFO | P05 | 
2026-02-13 19:09:40 | INFO | P05 | RUN SQL query: brandon_shelter_query_adoptions_by_branch.sql
2026-02-13 19:09:40 | INFO | P05 | ====================================
2026-02-13 19:09:40 | INFO | P05 | brandon_shelter_query_adoptions_by_branch.sql
2026-02-13 19:09:40 | INFO | P05 | ====================================
2026-02-13 19:09:40 | INFO | P05 | branch_name, total_adoptions, total_fees_collected
2026-02-13 19:09:40 | INFO | P05 | Downtown Branch, 2, 225.0
2026-02-13 19:09:40 | INFO | P05 | East Side Branch, 2, 60.0
2026-02-13 19:09:40 | INFO | P05 | South Branch, 1, 120.0
2026-02-13 19:09:40 | INFO | P05 | 
2026-02-13 19:09:40 | INFO | P05 | RUN SQL query: brandon_shelter_query_kpi_adoptions.sql
2026-02-13 19:09:40 | INFO | P05 | ====================================
2026-02-13 19:09:40 | INFO | P05 | brandon_shelter_query_kpi_adoptions.sql
2026-02-13 19:09:40 | INFO | P05 | ====================================
2026-02-13 19:09:40 | INFO | P05 | total_adoptions
2026-02-13 19:09:40 | INFO | P05 | 5
2026-02-13 19:09:40 | INFO | P05 | END main()
2026-02-13 19:13:28 | INFO | P05 | === RUN START ===
2026-02-13 19:13:28 | INFO | P05 | project=Shelter Pipeline (DuckDB)
2026-02-13 19:13:28 | INFO | P05 | repo_dir=datafun-05-sql
2026-02-13 19:13:28 | INFO | P05 | python=3.14.2
2026-02-13 19:13:28 | INFO | P05 | os=Darwin 24.6.0
2026-02-13 19:13:28 | INFO | P05 | shell=zsh
2026-02-13 19:13:28 | INFO | P05 | cwd=.
2026-02-13 19:13:28 | INFO | P05 | github_actions=False
2026-02-13 19:13:28 | INFO | P05 | START main()
2026-02-13 19:13:28 | INFO | P05 | ROOT_DIR: /Users/brandon/Repos/datafun-05-sql
2026-02-13 19:13:28 | INFO | P05 | DATA_DIR: /Users/brandon/Repos/datafun-05-sql/data/shelter
2026-02-13 19:13:28 | INFO | P05 | SQL_DIR: /Users/brandon/Repos/datafun-05-sql/sql/duckdb
2026-02-13 19:13:28 | INFO | P05 | DB_PATH: /Users/brandon/Repos/datafun-05-sql/artifacts/duckdb/brandon_shelter.duckdb
2026-02-13 19:13:28 | INFO | P05 | RUN SQL script: brandon_shelter_bootstrap.sql
2026-02-13 19:13:28 | INFO | P05 | DONE SQL script: brandon_shelter_bootstrap.sql
2026-02-13 19:13:28 | INFO | P05 | RUN SQL script: brandon_shelter_clean.sql
2026-02-13 19:13:28 | INFO | P05 | DONE SQL script: brandon_shelter_clean.sql
2026-02-13 19:13:28 | INFO | P05 | 
2026-02-13 19:13:28 | INFO | P05 | RUN SQL query: brandon_shelter_query_branch_count.sql
2026-02-13 19:13:28 | INFO | P05 | ====================================
2026-02-13 19:13:28 | INFO | P05 | brandon_shelter_query_branch_count.sql
2026-02-13 19:13:28 | INFO | P05 | ====================================
2026-02-13 19:13:28 | INFO | P05 | total_branches
2026-02-13 19:13:28 | INFO | P05 | 3
2026-02-13 19:13:28 | INFO | P05 | 
2026-02-13 19:13:28 | INFO | P05 | RUN SQL query: brandon_shelter_query_adoption_count.sql
2026-02-13 19:13:28 | INFO | P05 | ====================================
2026-02-13 19:13:28 | INFO | P05 | brandon_shelter_query_adoption_count.sql
2026-02-13 19:13:28 | INFO | P05 | ====================================
2026-02-13 19:13:28 | INFO | P05 | total_adoptions
2026-02-13 19:13:28 | INFO | P05 | 5
2026-02-13 19:13:28 | INFO | P05 | 
2026-02-13 19:13:28 | INFO | P05 | RUN SQL query: brandon_shelter_query_adoptions_summary.sql
2026-02-13 19:13:28 | INFO | P05 | ====================================
2026-02-13 19:13:28 | INFO | P05 | brandon_shelter_query_adoptions_summary.sql
2026-02-13 19:13:28 | INFO | P05 | ====================================
2026-02-13 19:13:28 | INFO | P05 | animal_type, total_adoptions, total_fees
2026-02-13 19:13:28 | INFO | P05 | Dog, 3, 270.0
2026-02-13 19:13:28 | INFO | P05 | Cat, 2, 135.0
2026-02-13 19:13:28 | INFO | P05 | 
2026-02-13 19:13:28 | INFO | P05 | RUN SQL query: brandon_shelter_query_adoptions_by_branch.sql
2026-02-13 19:13:28 | INFO | P05 | ====================================
2026-02-13 19:13:28 | INFO | P05 | brandon_shelter_query_adoptions_by_branch.sql
2026-02-13 19:13:28 | INFO | P05 | ====================================
2026-02-13 19:13:28 | INFO | P05 | branch_name, total_adoptions, total_fees_collected
2026-02-13 19:13:28 | INFO | P05 | East Side Branch, 2, 60.0
2026-02-13 19:13:28 | INFO | P05 | Downtown Branch, 2, 225.0
2026-02-13 19:13:28 | INFO | P05 | South Branch, 1, 120.0
2026-02-13 19:13:28 | INFO | P05 | 
2026-02-13 19:13:28 | INFO | P05 | RUN SQL query: brandon_shelter_query_kpi_adoptions.sql
2026-02-13 19:13:28 | INFO | P05 | ====================================
2026-02-13 19:13:28 | INFO | P05 | brandon_shelter_query_kpi_adoptions.sql
2026-02-13 19:13:28 | INFO | P05 | ====================================
2026-02-13 19:13:28 | INFO | P05 | total_adoptions
2026-02-13 19:13:28 | INFO | P05 | 5
2026-02-13 19:13:28 | INFO | P05 | END main()
2026-02-13 19:42:24 | INFO | P05 | === RUN START ===
2026-02-13 19:42:24 | INFO | P05 | project=Shelter Pipeline (DuckDB)
2026-02-13 19:42:24 | INFO | P05 | repo_dir=datafun-05-sql
2026-02-13 19:42:24 | INFO | P05 | python=3.14.2
2026-02-13 19:42:24 | INFO | P05 | os=Darwin 24.6.0
2026-02-13 19:42:24 | INFO | P05 | shell=zsh
2026-02-13 19:42:24 | INFO | P05 | cwd=.
2026-02-13 19:42:24 | INFO | P05 | github_actions=False
2026-02-13 19:42:24 | INFO | P05 | START main()
2026-02-13 19:42:24 | INFO | P05 | ROOT_DIR: /Users/brandon/Repos/datafun-05-sql
2026-02-13 19:42:24 | INFO | P05 | SQL_DIR: /Users/brandon/Repos/datafun-05-sql/sql/duckdb
2026-02-13 19:42:24 | INFO | P05 | DB_PATH: /Users/brandon/Repos/datafun-05-sql/artifacts/duckdb/brandon_shelter.duckdb
2026-02-13 19:42:24 | INFO | P05 | RUN SQL script: brandon_shelter_clean.sql
2026-02-13 19:42:24 | INFO | P05 | DONE SQL script: brandon_shelter_clean.sql
2026-02-13 19:42:24 | INFO | P05 | RUN SQL script: brandon_shelter_bootstrap.sql
2026-02-13 19:45:38 | INFO | P05 | === RUN START ===
2026-02-13 19:45:38 | INFO | P05 | project=Shelter Pipeline (DuckDB)
2026-02-13 19:45:38 | INFO | P05 | repo_dir=datafun-05-sql
2026-02-13 19:45:38 | INFO | P05 | python=3.14.2
2026-02-13 19:45:38 | INFO | P05 | os=Darwin 24.6.0
2026-02-13 19:45:38 | INFO | P05 | shell=zsh
2026-02-13 19:45:38 | INFO | P05 | cwd=.
2026-02-13 19:45:38 | INFO | P05 | github_actions=False
2026-02-13 19:45:38 | INFO | P05 | START main()
2026-02-13 19:45:38 | INFO | P05 | ROOT_DIR: /Users/brandon/Repos/datafun-05-sql
2026-02-13 19:45:38 | INFO | P05 | SQL_DIR: /Users/brandon/Repos/datafun-05-sql/sql/duckdb
2026-02-13 19:45:38 | INFO | P05 | DB_PATH: /Users/brandon/Repos/datafun-05-sql/artifacts/duckdb/brandon_shelter.duckdb
2026-02-13 19:45:38 | INFO | P05 | RUN SQL script: brandon_shelter_clean.sql
2026-02-13 19:45:38 | INFO | P05 | DONE SQL script: brandon_shelter_clean.sql
2026-02-13 19:45:38 | INFO | P05 | RUN SQL script: brandon_shelter_bootstrap.sql
2026-02-13 19:45:38 | INFO | P05 | DONE SQL script: brandon_shelter_bootstrap.sql
2026-02-13 19:45:38 | INFO | P05 | 
2026-02-13 19:45:38 | INFO | P05 | RUN SQL query: brandon_shelter_query_branch_count.sql
2026-02-13 19:45:38 | INFO | P05 | ====================================
2026-02-13 19:45:38 | INFO | P05 | brandon_shelter_query_branch_count.sql
2026-02-13 19:45:38 | INFO | P05 | ====================================
2026-02-13 19:45:38 | INFO | P05 | branch_count
2026-02-13 19:45:38 | INFO | P05 | 3
2026-02-13 19:45:38 | INFO | P05 | 
2026-02-13 19:45:38 | INFO | P05 | RUN SQL query: brandon_shelter_query_adoption_count.sql
2026-02-13 19:45:38 | INFO | P05 | ====================================
2026-02-13 19:45:38 | INFO | P05 | brandon_shelter_query_adoption_count.sql
2026-02-13 19:45:38 | INFO | P05 | ====================================
2026-02-13 19:45:38 | INFO | P05 | adoption_count
2026-02-13 19:45:38 | INFO | P05 | 5
2026-02-13 19:45:38 | INFO | P05 | 
2026-02-13 19:45:38 | INFO | P05 | RUN SQL query: brandon_shelter_query_adoptions_summary.sql
2026-02-13 19:45:38 | INFO | P05 | ====================================
2026-02-13 19:45:38 | INFO | P05 | brandon_shelter_query_adoptions_summary.sql
2026-02-13 19:45:38 | INFO | P05 | ====================================
2026-02-13 19:45:38 | INFO | P05 | adoption_count, total_revenue, avg_adoption_fee
2026-02-13 19:45:38 | INFO | P05 | 5, 405.0, 81.0
2026-02-13 19:45:38 | INFO | P05 | 
2026-02-13 19:45:38 | INFO | P05 | RUN SQL query: brandon_shelter_query_adoptions_by_animal.sql
2026-02-13 19:45:38 | INFO | P05 | ====================================
2026-02-13 19:45:38 | INFO | P05 | brandon_shelter_query_adoptions_by_animal.sql
2026-02-13 19:45:38 | INFO | P05 | ====================================
2026-02-13 19:45:38 | INFO | P05 | animal_type, adoption_count, total_revenue, avg_adoption_fee
2026-02-13 19:45:38 | INFO | P05 | Dog, 3, 270.0, 90.0
2026-02-13 19:45:38 | INFO | P05 | Cat, 2, 135.0, 67.5
2026-02-13 19:45:38 | INFO | P05 | 
2026-02-13 19:45:38 | INFO | P05 | RUN SQL query: brandon_shelter_query_adoptions_by_branch.sql
2026-02-13 19:48:33 | INFO | P05 | === RUN START ===
2026-02-13 19:48:33 | INFO | P05 | project=Shelter Pipeline (DuckDB)
2026-02-13 19:48:33 | INFO | P05 | repo_dir=datafun-05-sql
2026-02-13 19:48:33 | INFO | P05 | python=3.14.2
2026-02-13 19:48:33 | INFO | P05 | os=Darwin 24.6.0
2026-02-13 19:48:33 | INFO | P05 | shell=zsh
2026-02-13 19:48:33 | INFO | P05 | cwd=.
2026-02-13 19:48:33 | INFO | P05 | github_actions=False
2026-02-13 19:48:33 | INFO | P05 | START main()
2026-02-13 19:48:33 | INFO | P05 | ROOT_DIR: /Users/brandon/Repos/datafun-05-sql
2026-02-13 19:48:33 | INFO | P05 | SQL_DIR: /Users/brandon/Repos/datafun-05-sql/sql/duckdb
2026-02-13 19:48:33 | INFO | P05 | DB_PATH: /Users/brandon/Repos/datafun-05-sql/artifacts/duckdb/brandon_shelter.duckdb
2026-02-13 19:48:33 | INFO | P05 | RUN SQL script: brandon_shelter_clean.sql
2026-02-13 19:48:33 | INFO | P05 | DONE SQL script: brandon_shelter_clean.sql
2026-02-13 19:48:33 | INFO | P05 | RUN SQL script: brandon_shelter_bootstrap.sql
2026-02-13 19:48:33 | INFO | P05 | DONE SQL script: brandon_shelter_bootstrap.sql
2026-02-13 19:48:33 | INFO | P05 | 
2026-02-13 19:48:33 | INFO | P05 | RUN SQL query: brandon_shelter_query_branch_count.sql
2026-02-13 19:48:33 | INFO | P05 | ====================================
2026-02-13 19:48:33 | INFO | P05 | brandon_shelter_query_branch_count.sql
2026-02-13 19:48:33 | INFO | P05 | ====================================
2026-02-13 19:48:33 | INFO | P05 | branch_count
2026-02-13 19:48:33 | INFO | P05 | 3
2026-02-13 19:48:33 | INFO | P05 | 
2026-02-13 19:48:33 | INFO | P05 | RUN SQL query: brandon_shelter_query_adoption_count.sql
2026-02-13 19:48:33 | INFO | P05 | ====================================
2026-02-13 19:48:33 | INFO | P05 | brandon_shelter_query_adoption_count.sql
2026-02-13 19:48:33 | INFO | P05 | ====================================
2026-02-13 19:48:33 | INFO | P05 | adoption_count
2026-02-13 19:48:33 | INFO | P05 | 5
2026-02-13 19:48:33 | INFO | P05 | 
2026-02-13 19:48:33 | INFO | P05 | RUN SQL query: brandon_shelter_query_adoptions_summary.sql
2026-02-13 19:48:33 | INFO | P05 | ====================================
2026-02-13 19:48:33 | INFO | P05 | brandon_shelter_query_adoptions_summary.sql
2026-02-13 19:48:33 | INFO | P05 | ====================================
2026-02-13 19:48:33 | INFO | P05 | adoption_count, total_revenue, avg_adoption_fee
2026-02-13 19:48:33 | INFO | P05 | 5, 405.0, 81.0
2026-02-13 19:48:33 | INFO | P05 | 
2026-02-13 19:48:33 | INFO | P05 | RUN SQL query: brandon_shelter_query_adoptions_by_animal.sql
2026-02-13 19:50:29 | INFO | P05 | === RUN START ===
2026-02-13 19:50:29 | INFO | P05 | project=Shelter Pipeline (DuckDB)
2026-02-13 19:50:29 | INFO | P05 | repo_dir=datafun-05-sql
2026-02-13 19:50:29 | INFO | P05 | python=3.14.2
2026-02-13 19:50:29 | INFO | P05 | os=Darwin 24.6.0
2026-02-13 19:50:29 | INFO | P05 | shell=zsh
2026-02-13 19:50:29 | INFO | P05 | cwd=.
2026-02-13 19:50:29 | INFO | P05 | github_actions=False
2026-02-13 19:50:29 | INFO | P05 | START main()
2026-02-13 19:50:29 | INFO | P05 | ROOT_DIR: /Users/brandon/Repos/datafun-05-sql
2026-02-13 19:50:29 | INFO | P05 | SQL_DIR: /Users/brandon/Repos/datafun-05-sql/sql/duckdb
2026-02-13 19:50:29 | INFO | P05 | DB_PATH: /Users/brandon/Repos/datafun-05-sql/artifacts/duckdb/brandon_shelter.duckdb
2026-02-13 19:50:29 | INFO | P05 | RUN SQL script: brandon_shelter_clean.sql
2026-02-13 19:50:29 | INFO | P05 | DONE SQL script: brandon_shelter_clean.sql
2026-02-13 19:50:29 | INFO | P05 | RUN SQL script: brandon_shelter_bootstrap.sql
2026-02-13 19:50:29 | INFO | P05 | DONE SQL script: brandon_shelter_bootstrap.sql
2026-02-13 19:50:29 | INFO | P05 | 
2026-02-13 19:50:29 | INFO | P05 | RUN SQL query: brandon_shelter_query_branch_count.sql
2026-02-13 19:50:29 | INFO | P05 | ====================================
2026-02-13 19:50:29 | INFO | P05 | brandon_shelter_query_branch_count.sql
2026-02-13 19:50:29 | INFO | P05 | ====================================
2026-02-13 19:50:29 | INFO | P05 | branch_count
2026-02-13 19:50:29 | INFO | P05 | 3
2026-02-13 19:50:29 | INFO | P05 | 
2026-02-13 19:50:29 | INFO | P05 | RUN SQL query: brandon_shelter_query_adoption_count.sql
2026-02-13 19:50:29 | INFO | P05 | ====================================
2026-02-13 19:50:29 | INFO | P05 | brandon_shelter_query_adoption_count.sql
2026-02-13 19:50:29 | INFO | P05 | ====================================
2026-02-13 19:50:29 | INFO | P05 | adoption_count
2026-02-13 19:50:29 | INFO | P05 | 5
2026-02-13 19:50:29 | INFO | P05 | 
2026-02-13 19:50:29 | INFO | P05 | RUN SQL query: brandon_shelter_query_adoptions_summary.sql
2026-02-13 19:50:29 | INFO | P05 | ====================================
2026-02-13 19:50:29 | INFO | P05 | brandon_shelter_query_adoptions_summary.sql
2026-02-13 19:50:29 | INFO | P05 | ====================================
2026-02-13 19:50:29 | INFO | P05 | adoption_count, total_revenue, avg_adoption_fee
2026-02-13 19:50:29 | INFO | P05 | 5, 405.0, 81.0
2026-02-13 19:50:29 | INFO | P05 | 
2026-02-13 19:50:29 | INFO | P05 | RUN SQL query: brandon_shelter_query_adoptions_by_animal.sql
2026-02-13 19:50:29 | INFO | P05 | ====================================
2026-02-13 19:50:29 | INFO | P05 | brandon_shelter_query_adoptions_by_animal.sql
2026-02-13 19:50:29 | INFO | P05 | ====================================
2026-02-13 19:50:29 | INFO | P05 | animal_type, adoption_count, total_revenue, avg_adoption_fee
2026-02-13 19:50:29 | INFO | P05 | Dog, 3, 270.0, 90.0
2026-02-13 19:50:29 | INFO | P05 | Cat, 2, 135.0, 67.5
2026-02-13 19:50:29 | INFO | P05 | 
2026-02-13 19:50:29 | INFO | P05 | RUN SQL query: brandon_shelter_query_adoptions_by_branch.sql
2026-02-13 19:56:08 | INFO | P05 | === RUN START ===
2026-02-13 19:56:08 | INFO | P05 | project=Shelter Pipeline (DuckDB)
2026-02-13 19:56:08 | INFO | P05 | repo_dir=datafun-05-sql
2026-02-13 19:56:08 | INFO | P05 | python=3.14.2
2026-02-13 19:56:08 | INFO | P05 | os=Darwin 24.6.0
2026-02-13 19:56:08 | INFO | P05 | shell=zsh
2026-02-13 19:56:08 | INFO | P05 | cwd=.
2026-02-13 19:56:08 | INFO | P05 | github_actions=False
2026-02-13 19:56:08 | INFO | P05 | START main()
2026-02-13 19:56:08 | INFO | P05 | ROOT_DIR: /Users/brandon/Repos/datafun-05-sql
2026-02-13 19:56:08 | INFO | P05 | SQL_DIR: /Users/brandon/Repos/datafun-05-sql/sql/duckdb
2026-02-13 19:56:08 | INFO | P05 | DB_PATH: /Users/brandon/Repos/datafun-05-sql/artifacts/duckdb/brandon_shelter.duckdb
2026-02-13 19:56:08 | INFO | P05 | RUN SQL script: brandon_shelter_clean.sql
2026-02-13 19:56:08 | INFO | P05 | DONE SQL script: brandon_shelter_clean.sql
2026-02-13 19:56:08 | INFO | P05 | RUN SQL script: brandon_shelter_bootstrap.sql
2026-02-13 19:56:08 | INFO | P05 | DONE SQL script: brandon_shelter_bootstrap.sql
2026-02-13 19:56:08 | INFO | P05 | 
2026-02-13 19:56:08 | INFO | P05 | RUN SQL query: brandon_shelter_query_branch_count.sql
2026-02-13 19:56:08 | INFO | P05 | ====================================
2026-02-13 19:56:08 | INFO | P05 | brandon_shelter_query_branch_count.sql
2026-02-13 19:56:08 | INFO | P05 | ====================================
2026-02-13 19:56:08 | INFO | P05 | branch_count
2026-02-13 19:56:08 | INFO | P05 | 3
2026-02-13 19:56:08 | INFO | P05 | 
2026-02-13 19:56:08 | INFO | P05 | RUN SQL query: brandon_shelter_query_adoption_count.sql
2026-02-13 19:56:08 | INFO | P05 | ====================================
2026-02-13 19:56:08 | INFO | P05 | brandon_shelter_query_adoption_count.sql
2026-02-13 19:56:08 | INFO | P05 | ====================================
2026-02-13 19:56:08 | INFO | P05 | adoption_count
2026-02-13 19:56:08 | INFO | P05 | 5
2026-02-13 19:56:08 | INFO | P05 | 
2026-02-13 19:56:08 | INFO | P05 | RUN SQL query: brandon_shelter_query_adoptions_summary.sql
2026-02-13 19:56:08 | INFO | P05 | ====================================
2026-02-13 19:56:08 | INFO | P05 | brandon_shelter_query_adoptions_summary.sql
2026-02-13 19:56:08 | INFO | P05 | ====================================
2026-02-13 19:56:08 | INFO | P05 | adoption_count, total_revenue, avg_adoption_fee
2026-02-13 19:56:08 | INFO | P05 | 5, 405.0, 81.0
2026-02-13 19:56:08 | INFO | P05 | 
2026-02-13 19:56:08 | INFO | P05 | RUN SQL query: brandon_shelter_query_adoptions_by_animal.sql
2026-02-13 19:58:24 | INFO | P05 | === RUN START ===
2026-02-13 19:58:24 | INFO | P05 | project=Shelter Pipeline (DuckDB)
2026-02-13 19:58:24 | INFO | P05 | repo_dir=datafun-05-sql
2026-02-13 19:58:24 | INFO | P05 | python=3.14.2
2026-02-13 19:58:24 | INFO | P05 | os=Darwin 24.6.0
2026-02-13 19:58:24 | INFO | P05 | shell=zsh
2026-02-13 19:58:24 | INFO | P05 | cwd=.
2026-02-13 19:58:24 | INFO | P05 | github_actions=False
2026-02-13 19:58:24 | INFO | P05 | START main()
2026-02-13 19:58:24 | INFO | P05 | ROOT_DIR: /Users/brandon/Repos/datafun-05-sql
2026-02-13 19:58:24 | INFO | P05 | SQL_DIR: /Users/brandon/Repos/datafun-05-sql/sql/duckdb
2026-02-13 19:58:24 | INFO | P05 | DB_PATH: /Users/brandon/Repos/datafun-05-sql/artifacts/duckdb/brandon_shelter.duckdb
2026-02-13 19:58:24 | INFO | P05 | RUN SQL script: brandon_shelter_clean.sql
2026-02-13 19:58:24 | INFO | P05 | DONE SQL script: brandon_shelter_clean.sql
2026-02-13 19:58:24 | INFO | P05 | RUN SQL script: brandon_shelter_bootstrap.sql
2026-02-13 19:58:24 | INFO | P05 | DONE SQL script: brandon_shelter_bootstrap.sql
2026-02-13 19:58:24 | INFO | P05 | 
2026-02-13 19:58:24 | INFO | P05 | RUN SQL query: brandon_shelter_query_branch_count.sql
2026-02-13 19:58:24 | INFO | P05 | ====================================
2026-02-13 19:58:24 | INFO | P05 | brandon_shelter_query_branch_count.sql
2026-02-13 19:58:24 | INFO | P05 | ====================================
2026-02-13 19:58:24 | INFO | P05 | branch_count
2026-02-13 19:58:24 | INFO | P05 | 3
2026-02-13 19:58:24 | INFO | P05 | 
2026-02-13 19:58:24 | INFO | P05 | RUN SQL query: brandon_shelter_query_adoption_count.sql
2026-02-13 19:58:24 | INFO | P05 | ====================================
2026-02-13 19:58:24 | INFO | P05 | brandon_shelter_query_adoption_count.sql
2026-02-13 19:58:24 | INFO | P05 | ====================================
2026-02-13 19:58:24 | INFO | P05 | adoption_count
2026-02-13 19:58:24 | INFO | P05 | 5
2026-02-13 19:58:24 | INFO | P05 | 
2026-02-13 19:58:24 | INFO | P05 | RUN SQL query: brandon_shelter_query_adoptions_summary.sql
2026-02-13 19:58:24 | INFO | P05 | ====================================
2026-02-13 19:58:24 | INFO | P05 | brandon_shelter_query_adoptions_summary.sql
2026-02-13 19:58:24 | INFO | P05 | ====================================
2026-02-13 19:58:24 | INFO | P05 | adoption_count, total_revenue, avg_adoption_fee
2026-02-13 19:58:24 | INFO | P05 | 5, 405.0, 81.0
2026-02-13 19:58:24 | INFO | P05 | 
2026-02-13 19:58:24 | INFO | P05 | RUN SQL query: brandon_shelter_query_adoptions_by_animal.sql
2026-02-13 19:58:24 | INFO | P05 | ====================================
2026-02-13 19:58:24 | INFO | P05 | brandon_shelter_query_adoptions_by_animal.sql
2026-02-13 19:58:24 | INFO | P05 | ====================================
2026-02-13 19:58:24 | INFO | P05 | animal_type, adoption_count, total_revenue, avg_adoption_fee
2026-02-13 19:58:24 | INFO | P05 | Dog, 3, 270.0, 90.0
2026-02-13 19:58:24 | INFO | P05 | Cat, 2, 135.0, 67.5
2026-02-13 19:58:24 | INFO | P05 | 
2026-02-13 19:58:24 | INFO | P05 | RUN SQL query: brandon_shelter_query_adoptions_by_branch.sql
2026-02-13 20:03:05 | INFO | P05 | === RUN START ===
2026-02-13 20:03:05 | INFO | P05 | project=Shelter Pipeline (DuckDB)
2026-02-13 20:03:05 | INFO | P05 | repo_dir=datafun-05-sql
2026-02-13 20:03:05 | INFO | P05 | python=3.14.2
2026-02-13 20:03:05 | INFO | P05 | os=Darwin 24.6.0
2026-02-13 20:03:05 | INFO | P05 | shell=zsh
2026-02-13 20:03:05 | INFO | P05 | cwd=.
2026-02-13 20:03:05 | INFO | P05 | github_actions=False
2026-02-13 20:03:05 | INFO | P05 | START main()
2026-02-13 20:03:05 | INFO | P05 | ROOT_DIR: /Users/brandon/Repos/datafun-05-sql
2026-02-13 20:03:05 | INFO | P05 | SQL_DIR: /Users/brandon/Repos/datafun-05-sql/sql/duckdb
2026-02-13 20:03:05 | INFO | P05 | DB_PATH: /Users/brandon/Repos/datafun-05-sql/artifacts/duckdb/brandon_shelter.duckdb
2026-02-13 20:03:05 | INFO | P05 | RUN SQL script: brandon_shelter_clean.sql
2026-02-13 20:03:05 | INFO | P05 | DONE SQL script: brandon_shelter_clean.sql
2026-02-13 20:03:05 | INFO | P05 | RUN SQL script: brandon_shelter_bootstrap.sql
2026-02-13 20:03:05 | INFO | P05 | DONE SQL script: brandon_shelter_bootstrap.sql
2026-02-13 20:03:05 | INFO | P05 | 
2026-02-13 20:03:05 | INFO | P05 | RUN SQL query: brandon_shelter_query_branch_count.sql
2026-02-13 20:03:05 | INFO | P05 | ====================================
2026-02-13 20:03:05 | INFO | P05 | brandon_shelter_query_branch_count.sql
2026-02-13 20:03:05 | INFO | P05 | ====================================
2026-02-13 20:03:05 | INFO | P05 | branch_count
2026-02-13 20:03:05 | INFO | P05 | 3
2026-02-13 20:03:05 | INFO | P05 | 
2026-02-13 20:03:05 | INFO | P05 | RUN SQL query: brandon_shelter_query_adoption_count.sql
2026-02-13 20:03:05 | INFO | P05 | ====================================
2026-02-13 20:03:05 | INFO | P05 | brandon_shelter_query_adoption_count.sql
2026-02-13 20:03:05 | INFO | P05 | ====================================
2026-02-13 20:03:05 | INFO | P05 | adoption_count
2026-02-13 20:03:05 | INFO | P05 | 5
2026-02-13 20:03:05 | INFO | P05 | 
2026-02-13 20:03:05 | INFO | P05 | RUN SQL query: brandon_shelter_query_adoptions_summary.sql
2026-02-13 20:03:05 | INFO | P05 | ====================================
2026-02-13 20:03:05 | INFO | P05 | brandon_shelter_query_adoptions_summary.sql
2026-02-13 20:03:05 | INFO | P05 | ====================================
2026-02-13 20:03:05 | INFO | P05 | adoption_count, total_revenue, avg_adoption_fee
2026-02-13 20:03:05 | INFO | P05 | 5, 405.0, 81.0
2026-02-13 20:03:05 | INFO | P05 | 
2026-02-13 20:03:05 | INFO | P05 | RUN SQL query: brandon_shelter_query_adoptions_by_animal.sql
2026-02-13 20:06:23 | INFO | P05 | === RUN START ===
2026-02-13 20:06:23 | INFO | P05 | project=Shelter Pipeline (DuckDB)
2026-02-13 20:06:23 | INFO | P05 | repo_dir=datafun-05-sql
2026-02-13 20:06:23 | INFO | P05 | python=3.14.2
2026-02-13 20:06:23 | INFO | P05 | os=Darwin 24.6.0
2026-02-13 20:06:23 | INFO | P05 | shell=zsh
2026-02-13 20:06:23 | INFO | P05 | cwd=.
2026-02-13 20:06:23 | INFO | P05 | github_actions=False
2026-02-13 20:06:23 | INFO | P05 | START main()
2026-02-13 20:06:23 | INFO | P05 | ROOT_DIR: /Users/brandon/Repos/datafun-05-sql
2026-02-13 20:06:23 | INFO | P05 | SQL_DIR: /Users/brandon/Repos/datafun-05-sql/sql/duckdb
2026-02-13 20:06:23 | INFO | P05 | DB_PATH: /Users/brandon/Repos/datafun-05-sql/artifacts/duckdb/brandon_shelter.duckdb
2026-02-13 20:06:23 | INFO | P05 | RUN SQL script: brandon_shelter_clean.sql
2026-02-13 20:06:23 | INFO | P05 | DONE SQL script: brandon_shelter_clean.sql
2026-02-13 20:06:23 | INFO | P05 | RUN SQL script: brandon_shelter_bootstrap.sql
2026-02-13 20:06:23 | INFO | P05 | DONE SQL script: brandon_shelter_bootstrap.sql
2026-02-13 20:06:23 | INFO | P05 | 
2026-02-13 20:06:23 | INFO | P05 | RUN SQL query: brandon_shelter_query_branch_count.sql
2026-02-13 20:06:23 | INFO | P05 | ====================================
2026-02-13 20:06:23 | INFO | P05 | brandon_shelter_query_branch_count.sql
2026-02-13 20:06:23 | INFO | P05 | ====================================
2026-02-13 20:06:23 | INFO | P05 | branch_count
2026-02-13 20:06:23 | INFO | P05 | 3
2026-02-13 20:06:23 | INFO | P05 | 
2026-02-13 20:06:23 | INFO | P05 | RUN SQL query: brandon_shelter_query_adoption_count.sql
2026-02-13 20:06:23 | INFO | P05 | ====================================
2026-02-13 20:06:23 | INFO | P05 | brandon_shelter_query_adoption_count.sql
2026-02-13 20:06:23 | INFO | P05 | ====================================
2026-02-13 20:06:23 | INFO | P05 | adoption_count
2026-02-13 20:06:23 | INFO | P05 | 5
2026-02-13 20:06:23 | INFO | P05 | 
2026-02-13 20:06:23 | INFO | P05 | RUN SQL query: brandon_shelter_query_adoptions_summary.sql
2026-02-13 20:06:23 | INFO | P05 | ====================================
2026-02-13 20:06:23 | INFO | P05 | brandon_shelter_query_adoptions_summary.sql
2026-02-13 20:06:23 | INFO | P05 | ====================================
2026-02-13 20:06:23 | INFO | P05 | adoption_count, total_revenue, avg_adoption_fee
2026-02-13 20:06:23 | INFO | P05 | 5, 405.0, 81.0
2026-02-13 20:06:23 | INFO | P05 | 
2026-02-13 20:06:23 | INFO | P05 | RUN SQL query: brandon_shelter_query_adoptions_by_animal.sql
2026-02-13 20:06:23 | INFO | P05 | ====================================
2026-02-13 20:06:23 | INFO | P05 | brandon_shelter_query_adoptions_by_animal.sql
2026-02-13 20:06:23 | INFO | P05 | ====================================
2026-02-13 20:06:23 | INFO | P05 | animal_type, adoption_count, total_revenue, avg_adoption_fee
2026-02-13 20:06:23 | INFO | P05 | Dog, 3, 270.0, 90.0
2026-02-13 20:06:23 | INFO | P05 | Cat, 2, 135.0, 67.5
2026-02-13 20:06:23 | INFO | P05 | 
2026-02-13 20:06:23 | INFO | P05 | RUN SQL query: brandon_shelter_query_adoptions_by_branch.sql
2026-02-13 20:13:18 | INFO | P05 | === RUN START ===
2026-02-13 20:13:18 | INFO | P05 | project=Shelter Analytics Pipeline (DuckDB)
2026-02-13 20:13:18 | INFO | P05 | repo_dir=datafun-05-sql
2026-02-13 20:13:18 | INFO | P05 | python=3.14.2
2026-02-13 20:13:18 | INFO | P05 | os=Darwin 24.6.0
2026-02-13 20:13:18 | INFO | P05 | shell=zsh
2026-02-13 20:13:18 | INFO | P05 | cwd=.
2026-02-13 20:13:18 | INFO | P05 | github_actions=False
2026-02-13 20:13:18 | INFO | P05 | ROOT_DIR  → /Users/brandon/Repos/datafun-05-sql
2026-02-13 20:13:18 | INFO | P05 | SQL_DIR   → /Users/brandon/Repos/datafun-05-sql/sql/duckdb
2026-02-13 20:13:18 | INFO | P05 | DB_PATH   → /Users/brandon/Repos/datafun-05-sql/artifacts/duckdb/brandon_shelter.duckdb
2026-02-13 20:13:18 | INFO | P05 | RUN SCRIPT  → brandon_shelter_clean.sql
2026-02-13 20:13:18 | INFO | P05 | DONE SCRIPT → brandon_shelter_clean.sql
2026-02-13 20:13:18 | INFO | P05 | RUN SCRIPT  → brandon_shelter_bootstrap.sql
2026-02-13 20:13:18 | INFO | P05 | DONE SCRIPT → brandon_shelter_bootstrap.sql
2026-02-13 20:13:18 | INFO | P05 | 
2026-02-13 20:13:18 | INFO | P05 | RUN QUERY   → brandon_shelter_query_branch_count.sql
2026-02-13 20:13:18 | INFO | P05 | --------------------------------------------------
2026-02-13 20:13:18 | INFO | P05 | branch_count
2026-02-13 20:13:18 | INFO | P05 | --------------------------------------------------
2026-02-13 20:13:18 | INFO | P05 | 3
2026-02-13 20:13:18 | INFO | P05 | --------------------------------------------------
2026-02-13 20:13:18 | INFO | P05 | 
2026-02-13 20:13:18 | INFO | P05 | RUN QUERY   → brandon_shelter_query_adoption_count.sql
2026-02-13 20:13:18 | INFO | P05 | --------------------------------------------------
2026-02-13 20:13:18 | INFO | P05 | adoption_count
2026-02-13 20:13:18 | INFO | P05 | --------------------------------------------------
2026-02-13 20:13:18 | INFO | P05 | 5
2026-02-13 20:13:18 | INFO | P05 | --------------------------------------------------
2026-02-13 20:13:18 | INFO | P05 | 
2026-02-13 20:13:18 | INFO | P05 | RUN QUERY   → brandon_shelter_query_adoptions_summary.sql
2026-02-13 20:13:18 | INFO | P05 | --------------------------------------------------
2026-02-13 20:13:18 | INFO | P05 | adoption_count, total_revenue, avg_adoption_fee
2026-02-13 20:13:18 | INFO | P05 | --------------------------------------------------
2026-02-13 20:13:18 | INFO | P05 | 5, 405.0, 81.0
2026-02-13 20:13:18 | INFO | P05 | --------------------------------------------------
2026-02-13 20:13:18 | INFO | P05 | 
2026-02-13 20:13:18 | INFO | P05 | RUN QUERY   → brandon_shelter_query_adoptions_by_animal.sql
2026-02-13 20:13:18 | INFO | P05 | --------------------------------------------------
2026-02-13 20:13:18 | INFO | P05 | animal_type, adoption_count, total_revenue, avg_adoption_fee
2026-02-13 20:13:18 | INFO | P05 | --------------------------------------------------
2026-02-13 20:13:18 | INFO | P05 | Dog, 3, 270.0, 90.0
2026-02-13 20:13:18 | INFO | P05 | Cat, 2, 135.0, 67.5
2026-02-13 20:13:18 | INFO | P05 | --------------------------------------------------
2026-02-13 20:13:18 | INFO | P05 | 
2026-02-13 20:13:18 | INFO | P05 | RUN QUERY   → brandon_shelter_query_kpi_adoptions.sql
2026-02-13 20:13:18 | INFO | P05 | --------------------------------------------------
2026-02-13 20:13:18 | INFO | P05 | branch_id, branch_name, city, system_name, adoption_count, total_revenue, avg_adoption_fee
2026-02-13 20:13:18 | INFO | P05 | --------------------------------------------------
2026-02-13 20:13:18 | INFO | P05 | B001, Downtown Branch, Duluth, Arrowhead Library System, 2, 225.0, 112.5
2026-02-13 20:13:18 | INFO | P05 | B003, South Branch, Mankato, Regional Library Network, 1, 120.0, 120.0
2026-02-13 20:13:18 | INFO | P05 | B002, East Side Branch, Ely, Arrowhead Library System, 2, 60.0, 30.0
2026-02-13 20:13:18 | INFO | P05 | --------------------------------------------------
2026-02-13 20:13:18 | INFO | P05 | PIPELINE COMPLETE ✓
2026-02-13 20:15:49 | INFO | P05 | === RUN START ===
2026-02-13 20:15:49 | INFO | P05 | project=Shelter Analytics Pipeline (DuckDB)
2026-02-13 20:15:49 | INFO | P05 | repo_dir=datafun-05-sql
2026-02-13 20:15:49 | INFO | P05 | python=3.14.2
2026-02-13 20:15:49 | INFO | P05 | os=Darwin 24.6.0
2026-02-13 20:15:49 | INFO | P05 | shell=zsh
2026-02-13 20:15:49 | INFO | P05 | cwd=.
2026-02-13 20:15:49 | INFO | P05 | github_actions=False
2026-02-13 20:15:49 | INFO | P05 | ROOT_DIR  → /Users/brandon/Repos/datafun-05-sql
2026-02-13 20:15:49 | INFO | P05 | SQL_DIR   → /Users/brandon/Repos/datafun-05-sql/sql/duckdb
2026-02-13 20:15:49 | INFO | P05 | DB_PATH   → /Users/brandon/Repos/datafun-05-sql/artifacts/duckdb/brandon_shelter.duckdb
2026-02-13 20:15:49 | INFO | P05 | RUN SCRIPT  → brandon_shelter_clean.sql
2026-02-13 20:15:49 | INFO | P05 | DONE SCRIPT → brandon_shelter_clean.sql
2026-02-13 20:15:49 | INFO | P05 | RUN SCRIPT  → brandon_shelter_bootstrap.sql
2026-02-13 20:15:49 | INFO | P05 | DONE SCRIPT → brandon_shelter_bootstrap.sql
2026-02-13 20:15:49 | INFO | P05 | 
2026-02-13 20:15:49 | INFO | P05 | RUN QUERY   → brandon_shelter_query_branch_count.sql
2026-02-13 20:15:49 | INFO | P05 | --------------------------------------------------
2026-02-13 20:15:49 | INFO | P05 | branch_count
2026-02-13 20:15:49 | INFO | P05 | --------------------------------------------------
2026-02-13 20:15:49 | INFO | P05 | 3
2026-02-13 20:15:49 | INFO | P05 | --------------------------------------------------
2026-02-13 20:15:49 | INFO | P05 | 
2026-02-13 20:15:49 | INFO | P05 | RUN QUERY   → brandon_shelter_query_adoption_count.sql
2026-02-13 20:15:49 | INFO | P05 | --------------------------------------------------
2026-02-13 20:15:49 | INFO | P05 | adoption_count
2026-02-13 20:15:49 | INFO | P05 | --------------------------------------------------
2026-02-13 20:15:49 | INFO | P05 | 5
2026-02-13 20:15:49 | INFO | P05 | --------------------------------------------------
2026-02-13 20:15:49 | INFO | P05 | 
2026-02-13 20:15:49 | INFO | P05 | RUN QUERY   → brandon_shelter_query_adoptions_summary.sql
2026-02-13 20:15:49 | INFO | P05 | --------------------------------------------------
2026-02-13 20:15:49 | INFO | P05 | adoption_count, total_revenue, avg_adoption_fee
2026-02-13 20:15:49 | INFO | P05 | --------------------------------------------------
2026-02-13 20:15:49 | INFO | P05 | 5, 405.0, 81.0
2026-02-13 20:15:49 | INFO | P05 | --------------------------------------------------
2026-02-13 20:15:49 | INFO | P05 | 
2026-02-13 20:15:49 | INFO | P05 | RUN QUERY   → brandon_shelter_query_adoptions_by_animal.sql
2026-02-13 20:15:49 | INFO | P05 | --------------------------------------------------
2026-02-13 20:15:49 | INFO | P05 | animal_type, adoption_count, total_revenue, avg_adoption_fee
2026-02-13 20:15:49 | INFO | P05 | --------------------------------------------------
2026-02-13 20:15:49 | INFO | P05 | Dog, 3, 270.0, 90.0
2026-02-13 20:15:49 | INFO | P05 | Cat, 2, 135.0, 67.5
2026-02-13 20:15:49 | INFO | P05 | --------------------------------------------------
2026-02-13 20:15:49 | INFO | P05 | 
2026-02-13 20:15:49 | INFO | P05 | RUN QUERY   → brandon_shelter_query_kpi_adoptions.sql
2026-02-13 20:15:49 | INFO | P05 | --------------------------------------------------
2026-02-13 20:15:49 | INFO | P05 | branch_id, branch_name, city, system_name, adoption_count, total_revenue, avg_adoption_fee
2026-02-13 20:15:49 | INFO | P05 | --------------------------------------------------
2026-02-13 20:15:49 | INFO | P05 | B001, Downtown Branch, Duluth, Arrowhead Library System, 2, 225.0, 112.5
2026-02-13 20:15:49 | INFO | P05 | B003, South Branch, Mankato, Regional Library Network, 1, 120.0, 120.0
2026-02-13 20:15:49 | INFO | P05 | B002, East Side Branch, Ely, Arrowhead Library System, 2, 60.0, 30.0
2026-02-13 20:15:49 | INFO | P05 | --------------------------------------------------
2026-02-13 20:15:49 | INFO | P05 | PIPELINE COMPLETE ✓
